TN:
SF:contracts/MintBurnToken.sol
FN:15,MintBurnToken.mint
FNDA:115,MintBurnToken.mint
DA:16,115
FNF:1
FNH:1
LF:1
LH:1
BRF:0
BRH:0
end_of_record
TN:
SF:contracts/Portal.sol
FN:213,Portal._updateAccount
FNDA:26,Portal._updateAccount
DA:215,26
DA:219,26
DA:223,26
DA:226,26
DA:229,26
DA:232,26
DA:235,26
DA:238,26
BRDA:238,0,0,22
BRDA:238,0,1,4
DA:239,22
DA:241,4
FN:255,Portal.stake
FNDA:89,Portal.stake
DA:257,88
BRDA:257,1,0,1
BRDA:257,1,1,87
DA:260,87
BRDA:260,2,0,2
BRDA:260,2,1,85
DA:262,2
DA:265,85
DA:266,85
DA:267,85
DA:269,85
DA:279,87
DA:282,87
DA:285,87
DA:288,87
FN:310,Portal.unstake
FNDA:8,Portal.unstake
DA:312,7
BRDA:312,3,0,1
BRDA:312,3,1,6
DA:315,6
DA:318,6
BRDA:318,4,0,1
BRDA:318,4,1,5
DA:322,5
DA:323,5
DA:324,5
DA:325,5
DA:328,5
DA:329,5
DA:330,5
DA:331,5
DA:334,5
DA:337,5
DA:340,5
FN:359,Portal.forceUnstakeAll
FNDA:4,Portal.forceUnstakeAll
DA:361,3
DA:364,3
DA:367,3
BRDA:367,5,0,-
BRDA:367,5,1,1
DA:369,1
DA:372,1
BRDA:372,6,0,-
BRDA:372,6,1,1
DA:375,1
DA:379,3
DA:380,3
DA:381,3
DA:382,3
DA:383,3
DA:386,3
DA:387,3
DA:388,3
DA:389,3
DA:392,3
DA:395,3
DA:398,3
FN:415,Portal._depositToYieldSource
FNDA:87,Portal._depositToYieldSource
DA:417,87
DA:418,87
DA:421,87
DA:424,87
FN:433,Portal._withdrawFromYieldSource
FNDA:8,Portal._withdrawFromYieldSource
DA:436,8
DA:439,8
FN:447,Portal.claimRewardsHLPandHMX
FNDA:4,Portal.claimRewardsHLPandHMX
DA:449,4
DA:450,4
DA:451,4
DA:454,4
DA:455,4
DA:456,4
DA:457,4
DA:459,4
DA:460,4
DA:461,4
DA:462,4
DA:466,4
DA:475,4
FN:482,Portal.claimRewardsManual
FNDA:1,Portal.claimRewardsManual
DA:485,1
DA:494,1
FN:512,Portal.buyPortalEnergy
FNDA:9,Portal.buyPortalEnergy
DA:514,8
BRDA:514,7,0,1
BRDA:514,7,1,7
DA:515,7
BRDA:515,8,0,1
BRDA:515,8,1,6
DA:518,6
BRDA:518,9,0,1
BRDA:518,9,1,5
DA:521,5
DA:524,5
BRDA:524,10,0,1
BRDA:524,10,1,4
DA:527,4
BRDA:527,11,0,-
BRDA:527,11,1,4
DA:530,4
DA:533,4
DA:536,4
DA:539,4
BRDA:539,12,0,1
BRDA:539,12,1,3
DA:542,3
DA:545,3
DA:548,3
DA:551,3
DA:554,3
FN:570,Portal.sellPortalEnergy
FNDA:10,Portal.sellPortalEnergy
DA:572,9
BRDA:572,13,0,1
BRDA:572,13,1,8
DA:573,8
BRDA:573,14,0,1
BRDA:573,14,1,7
DA:576,7
BRDA:576,15,0,1
BRDA:576,15,1,6
DA:579,6
DA:582,6
BRDA:582,16,0,1
BRDA:582,16,1,5
DA:585,5
DA:588,5
BRDA:588,17,0,1
BRDA:588,17,1,4
DA:591,4
DA:594,4
DA:597,4
DA:600,4
BRDA:600,18,0,1
BRDA:600,18,1,3
DA:603,3
DA:606,3
DA:609,3
DA:612,3
FN:618,Portal.quoteBuyPortalEnergy
FNDA:1,Portal.quoteBuyPortalEnergy
DA:620,1
DA:623,1
DA:626,1
DA:628,1
FN:634,Portal.quoteSellPortalEnergy
FNDA:1,Portal.quoteSellPortalEnergy
DA:636,1
DA:639,1
DA:642,1
DA:644,1
FN:659,Portal.convert
FNDA:11,Portal.convert
DA:661,11
BRDA:661,19,0,1
BRDA:661,19,1,10
DA:664,10
BRDA:664,20,0,1
BRDA:664,20,1,9
DA:667,9
DA:668,9
BRDA:668,21,0,1
BRDA:668,21,1,8
DA:669,1
DA:671,8
DA:675,9
BRDA:675,22,0,1
BRDA:675,22,1,8
DA:676,8
BRDA:676,23,0,1
BRDA:676,23,1,7
DA:679,7
BRDA:679,24,0,5
BRDA:679,24,1,7
DA:680,5
DA:681,5
DA:682,5
DA:686,7
DA:689,7
BRDA:689,25,0,-
BRDA:689,25,1,1
DA:690,1
DA:691,1
BRDA:691,26,0,-
BRDA:691,26,1,1
DA:693,6
FN:709,Portal.contributeFunding
FNDA:110,Portal.contributeFunding
DA:711,109
BRDA:711,27,0,1
BRDA:711,27,1,108
DA:714,108
DA:717,108
DA:720,108
DA:723,108
DA:726,108
FN:732,Portal.getBurnValuePSM
FNDA:2,Portal.getBurnValuePSM
DA:733,6
FN:745,Portal.burnBtokens
FNDA:6,Portal.burnBtokens
DA:747,5
BRDA:747,28,0,1
BRDA:747,28,1,4
DA:750,4
DA:753,4
DA:756,4
DA:759,4
DA:762,4
FN:774,Portal.activatePortal
FNDA:57,Portal.activatePortal
DA:776,56
BRDA:776,29,0,1
BRDA:776,29,1,55
DA:779,55
DA:782,55
DA:785,55
DA:788,55
FN:798,Portal.mintPortalEnergyToken
FNDA:11,Portal.mintPortalEnergyToken
DA:800,11
BRDA:800,30,0,1
BRDA:800,30,1,10
DA:803,10
BRDA:803,31,0,1
BRDA:803,31,1,9
DA:806,9
DA:809,8
BRDA:809,32,0,1
BRDA:809,32,1,7
DA:812,7
DA:815,7
DA:818,7
DA:821,7
FN:828,Portal.burnPortalEnergyToken
FNDA:5,Portal.burnPortalEnergyToken
DA:830,5
BRDA:830,33,0,1
BRDA:830,33,1,4
DA:833,4
BRDA:833,34,0,1
BRDA:833,34,1,3
DA:836,3
BRDA:836,35,0,1
BRDA:836,35,1,2
DA:839,2
DA:842,2
DA:845,2
FN:853,Portal._burnPortalEnergyToken
FNDA:1,Portal._burnPortalEnergyToken
DA:856,1
DA:859,1
FN:864,Portal.updateMaxLockDuration
FNDA:5,Portal.updateMaxLockDuration
DA:866,5
BRDA:866,36,0,1
BRDA:866,36,1,4
DA:869,4
DA:872,4
BRDA:872,37,0,1
BRDA:872,37,1,3
DA:874,3
BRDA:874,38,0,2
BRDA:874,38,1,1
DA:875,2
DA:876,2
DA:878,1
BRDA:878,39,0,1
BRDA:878,39,1,1
DA:879,1
FN:888,Portal.getUpdateAccount
FNDA:13,Portal.getUpdateAccount
DA:898,23
BRDA:898,40,0,1
BRDA:898,40,1,22
DA:899,1
DA:903,22
DA:909,22
DA:911,22
DA:914,22
DA:917,22
DA:920,22
DA:923,22
DA:925,22
BRDA:925,41,0,16
BRDA:925,41,1,6
DA:926,16
DA:928,6
DA:932,22
FN:939,Portal.quoteforceUnstakeAll
FNDA:1,Portal.quoteforceUnstakeAll
DA:942,1
DA:945,1
BRDA:945,42,0,1
BRDA:945,42,1,1
DA:946,1
FN:954,Portal.getBalanceOfToken
FNDA:2,Portal.getBalanceOfToken
DA:955,2
FN:962,Portal.getPendingRewards
FNDA:2,Portal.getPendingRewards
DA:963,2
FN:968,Portal.
FNDA:0,Portal.
FNF:26
FNH:25
LF:189
LH:189
BRF:86
BRH:81
end_of_record
TN:
SF:script/Portal.s.sol
FN:7,PortalScript.setUp
FNDA:0,PortalScript.setUp
FN:9,PortalScript.run
FNDA:0,PortalScript.run
DA:10,0
FNF:2
FNH:0
LF:1
LH:0
BRF:0
BRH:0
end_of_record
TN:
SF:test/invariant/PortalInvariat.t.sol
FN:52,PortalTest.setUp
FNDA:0,PortalTest.setUp
DA:53,0
DA:67,0
DA:73,0
DA:74,0
DA:77,0
DA:78,0
DA:81,0
DA:82,0
DA:83,0
DA:84,0
DA:85,0
DA:86,0
DA:87,0
FN:113,PortalTest.invariant_bToken
FNDA:0,PortalTest.invariant_bToken
DA:114,0
FNF:2
FNH:0
LF:14
LH:0
BRF:0
BRH:0
end_of_record
TN:
SF:test/mocks/MintToken.sol
FN:15,MintBurnToken.mint
FNDA:0,MintBurnToken.mint
DA:16,0
FNF:1
FNH:0
LF:1
LH:0
BRF:0
BRH:0
end_of_record
