TN:
SF:contracts/MintBurnToken.sol
FN:15,MintBurnToken.mint
FNDA:113,MintBurnToken.mint
DA:16,113
FNF:1
FNH:1
LF:1
LH:1
BRF:0
BRH:0
end_of_record
TN:
SF:contracts/Portal.sol
FN:213,Portal._updateAccount
FNDA:26,Portal._updateAccount
DA:215,26
DA:219,26
DA:223,26
DA:226,26
DA:229,26
DA:232,26
DA:236,26
DA:239,26
BRDA:239,0,0,22
BRDA:239,0,1,4
DA:240,22
DA:242,4
FN:256,Portal.stake
FNDA:89,Portal.stake
DA:258,88
BRDA:258,1,0,1
BRDA:258,1,1,87
DA:261,87
BRDA:261,2,0,2
BRDA:261,2,1,85
DA:263,2
DA:266,85
DA:267,85
DA:268,85
DA:270,85
DA:280,87
DA:283,87
DA:286,87
DA:289,87
FN:311,Portal.unstake
FNDA:8,Portal.unstake
DA:313,7
BRDA:313,3,0,1
BRDA:313,3,1,6
DA:316,6
DA:319,6
BRDA:319,4,0,1
BRDA:319,4,1,5
DA:324,5
DA:325,5
DA:326,5
DA:327,5
DA:330,5
DA:331,5
DA:332,5
DA:333,5
DA:336,5
DA:339,5
DA:342,5
FN:361,Portal.forceUnstakeAll
FNDA:4,Portal.forceUnstakeAll
DA:363,3
DA:366,3
DA:369,3
BRDA:369,5,0,-
BRDA:369,5,1,1
DA:371,1
DA:374,1
BRDA:374,6,0,-
BRDA:374,6,1,1
DA:377,1
DA:381,3
DA:382,3
DA:383,3
DA:384,3
DA:387,3
BRDA:387,7,0,-
BRDA:387,7,1,3
DA:390,3
DA:391,3
DA:392,3
DA:393,3
DA:396,3
DA:399,3
DA:402,3
FN:419,Portal._depositToYieldSource
FNDA:87,Portal._depositToYieldSource
DA:421,87
DA:422,87
DA:425,87
DA:428,87
FN:437,Portal._withdrawFromYieldSource
FNDA:8,Portal._withdrawFromYieldSource
DA:440,8
DA:443,8
FN:451,Portal.claimRewardsHLPandHMX
FNDA:4,Portal.claimRewardsHLPandHMX
DA:453,4
DA:454,4
DA:455,4
DA:458,4
DA:459,4
DA:460,4
DA:461,4
DA:463,4
DA:464,4
DA:465,4
DA:466,4
DA:470,4
DA:479,4
FN:486,Portal.claimRewardsManual
FNDA:1,Portal.claimRewardsManual
DA:489,1
DA:498,1
FN:516,Portal.buyPortalEnergy
FNDA:9,Portal.buyPortalEnergy
DA:518,8
BRDA:518,8,0,1
BRDA:518,8,1,7
DA:519,7
BRDA:519,9,0,1
BRDA:519,9,1,6
DA:522,6
BRDA:522,10,0,1
BRDA:522,10,1,5
DA:525,5
DA:528,5
BRDA:528,11,0,1
BRDA:528,11,1,4
DA:531,4
BRDA:531,12,0,-
BRDA:531,12,1,4
DA:534,4
DA:537,4
DA:540,4
DA:543,4
BRDA:543,13,0,1
BRDA:543,13,1,3
DA:546,3
DA:549,3
DA:552,3
DA:555,3
DA:558,3
FN:574,Portal.sellPortalEnergy
FNDA:10,Portal.sellPortalEnergy
DA:576,9
BRDA:576,14,0,1
BRDA:576,14,1,8
DA:577,8
BRDA:577,15,0,1
BRDA:577,15,1,7
DA:580,7
BRDA:580,16,0,1
BRDA:580,16,1,6
DA:583,6
DA:586,6
BRDA:586,17,0,1
BRDA:586,17,1,5
DA:589,5
DA:592,5
BRDA:592,18,0,1
BRDA:592,18,1,4
DA:595,4
DA:598,4
DA:601,4
DA:604,4
BRDA:604,19,0,1
BRDA:604,19,1,3
DA:607,3
DA:610,3
DA:613,3
DA:616,3
FN:622,Portal.quoteBuyPortalEnergy
FNDA:1,Portal.quoteBuyPortalEnergy
DA:624,1
DA:627,1
DA:630,1
DA:632,1
FN:638,Portal.quoteSellPortalEnergy
FNDA:1,Portal.quoteSellPortalEnergy
DA:640,1
DA:643,1
DA:646,1
DA:648,1
FN:663,Portal.convert
FNDA:10,Portal.convert
DA:665,10
BRDA:665,20,0,1
BRDA:665,20,1,9
DA:668,9
BRDA:668,21,0,1
BRDA:668,21,1,8
DA:671,8
DA:672,8
BRDA:672,22,0,1
BRDA:672,22,1,7
DA:673,1
DA:675,7
DA:679,8
BRDA:679,23,0,1
BRDA:679,23,1,7
DA:680,7
BRDA:680,24,0,1
BRDA:680,24,1,6
DA:683,6
BRDA:683,25,0,4
BRDA:683,25,1,6
DA:684,4
DA:685,4
DA:686,4
DA:690,6
DA:693,6
BRDA:693,26,0,-
BRDA:693,26,1,1
DA:694,1
DA:695,1
BRDA:695,27,0,-
BRDA:695,27,1,1
DA:697,5
FN:713,Portal.contributeFunding
FNDA:108,Portal.contributeFunding
DA:715,107
BRDA:715,28,0,1
BRDA:715,28,1,106
DA:718,106
DA:721,106
DA:724,106
DA:727,106
DA:730,106
FN:736,Portal.getBurnValuePSM
FNDA:0,Portal.getBurnValuePSM
DA:737,4
FN:749,Portal.burnBtokens
FNDA:6,Portal.burnBtokens
DA:751,5
BRDA:751,29,0,1
BRDA:751,29,1,4
DA:754,4
DA:757,4
DA:760,4
DA:763,4
DA:766,4
FN:778,Portal.activatePortal
FNDA:56,Portal.activatePortal
DA:780,55
BRDA:780,30,0,1
BRDA:780,30,1,54
DA:783,54
DA:786,54
DA:789,54
DA:792,54
FN:802,Portal.mintPortalEnergyToken
FNDA:11,Portal.mintPortalEnergyToken
DA:804,11
BRDA:804,31,0,1
BRDA:804,31,1,10
DA:807,10
BRDA:807,32,0,1
BRDA:807,32,1,9
DA:810,9
DA:813,8
BRDA:813,33,0,1
BRDA:813,33,1,7
DA:816,7
DA:819,7
DA:822,7
DA:825,7
FN:832,Portal.burnPortalEnergyToken
FNDA:5,Portal.burnPortalEnergyToken
DA:834,5
BRDA:834,34,0,1
BRDA:834,34,1,4
DA:837,4
BRDA:837,35,0,1
BRDA:837,35,1,3
DA:840,3
BRDA:840,36,0,1
BRDA:840,36,1,2
DA:843,2
DA:846,2
DA:849,2
FN:857,Portal._burnPortalEnergyToken
FNDA:1,Portal._burnPortalEnergyToken
DA:860,1
DA:863,1
FN:868,Portal.updateMaxLockDuration
FNDA:5,Portal.updateMaxLockDuration
DA:870,5
BRDA:870,37,0,1
BRDA:870,37,1,4
DA:873,4
DA:876,4
BRDA:876,38,0,1
BRDA:876,38,1,3
DA:878,3
BRDA:878,39,0,2
BRDA:878,39,1,1
DA:879,2
DA:880,2
DA:882,1
BRDA:882,40,0,1
BRDA:882,40,1,1
DA:883,1
FN:892,Portal.getUpdateAccount
FNDA:13,Portal.getUpdateAccount
DA:902,23
BRDA:902,41,0,1
BRDA:902,41,1,22
DA:903,1
DA:907,22
DA:915,22
DA:918,22
DA:921,22
DA:924,22
DA:929,22
DA:931,22
BRDA:931,42,0,16
BRDA:931,42,1,6
DA:932,16
DA:934,6
DA:938,22
FN:945,Portal.quoteforceUnstakeAll
FNDA:1,Portal.quoteforceUnstakeAll
DA:948,1
DA:951,1
BRDA:951,43,0,1
BRDA:951,43,1,1
DA:952,1
FN:960,Portal.getBalanceOfToken
FNDA:2,Portal.getBalanceOfToken
DA:961,2
FN:968,Portal.getPendingRewards
FNDA:2,Portal.getPendingRewards
DA:969,2
FN:974,Portal.
FNDA:0,Portal.
FNF:26
FNH:24
LF:188
LH:188
BRF:88
BRH:82
end_of_record
TN:
SF:script/Portal.s.sol
FN:7,PortalScript.setUp
FNDA:0,PortalScript.setUp
FN:9,PortalScript.run
FNDA:0,PortalScript.run
DA:10,0
FNF:2
FNH:0
LF:1
LH:0
BRF:0
BRH:0
end_of_record
TN:
SF:test/mocks/MintToken.sol
FN:15,MintBurnToken.mint
FNDA:0,MintBurnToken.mint
DA:16,0
FNF:1
FNH:0
LF:1
LH:0
BRF:0
BRH:0
end_of_record
